[debug] [2020-08-10T20:53:36.957Z] ----------------------------------------------------------------------
[debug] [2020-08-10T20:53:36.959Z] Command:       /usr/local/bin/firebase /Users/saumyasinghal/.cache/firebase/tools/lib/node_modules/firebase-tools/lib/bin/firebase deploy
[debug] [2020-08-10T20:53:36.959Z] CLI Version:   8.7.0
[debug] [2020-08-10T20:53:36.959Z] Platform:      darwin
[debug] [2020-08-10T20:53:36.959Z] Node Version:  v12.18.1
[debug] [2020-08-10T20:53:36.965Z] Time:          Mon Aug 10 2020 13:53:36 GMT-0700 (Pacific Daylight Time)
[debug] [2020-08-10T20:53:36.966Z] ----------------------------------------------------------------------
[debug] [2020-08-10T20:53:36.966Z] 
[debug] [2020-08-10T20:53:36.982Z] > command requires scopes: ["email","openid","https://www.googleapis.com/auth/cloudplatformprojects.readonly","https://www.googleapis.com/auth/firebase","https://www.googleapis.com/auth/cloud-platform"]
[debug] [2020-08-10T20:53:36.987Z] > authorizing via signed-in user
[debug] [2020-08-10T20:53:36.988Z] [iam] checking project socrathematics-cms for permissions ["firebase.projects.get","firebasehosting.sites.update"]
[debug] [2020-08-10T20:53:36.992Z] >>> HTTP REQUEST POST https://cloudresourcemanager.googleapis.com/v1/projects/socrathematics-cms:testIamPermissions  
 {"permissions":["firebase.projects.get","firebasehosting.sites.update"]}
[debug] [2020-08-10T20:53:37.466Z] <<< HTTP RESPONSE 200 {"content-type":"application/json; charset=UTF-8","vary":"X-Origin, Referer, Origin,Accept-Encoding","date":"Mon, 10 Aug 2020 20:53:37 GMT","server":"ESF","cache-control":"private","x-xss-protection":"0","x-frame-options":"SAMEORIGIN","x-content-type-options":"nosniff","server-timing":"gfet4t7; dur=318","alt-svc":"h3-29=\":443\"; ma=2592000,h3-27=\":443\"; ma=2592000,h3-T050=\":443\"; ma=2592000,h3-Q050=\":443\"; ma=2592000,h3-Q046=\":443\"; ma=2592000,h3-Q043=\":443\"; ma=2592000,quic=\":443\"; ma=2592000; v=\"46,43\"","accept-ranges":"none","transfer-encoding":"chunked"}
[debug] [2020-08-10T20:53:37.468Z] >>> HTTP REQUEST GET https://firebase.googleapis.com/v1beta1/projects/socrathematics-cms  
 
[debug] [2020-08-10T20:53:37.638Z] <<< HTTP RESPONSE 200 {"content-type":"application/json; charset=UTF-8","vary":"X-Origin, Referer, Origin,Accept-Encoding","date":"Mon, 10 Aug 2020 20:53:37 GMT","server":"ESF","cache-control":"private","x-xss-protection":"0","x-frame-options":"SAMEORIGIN","x-content-type-options":"nosniff","alt-svc":"h3-29=\":443\"; ma=2592000,h3-27=\":443\"; ma=2592000,h3-T050=\":443\"; ma=2592000,h3-Q050=\":443\"; ma=2592000,h3-Q046=\":443\"; ma=2592000,h3-Q043=\":443\"; ma=2592000,quic=\":443\"; ma=2592000; v=\"46,43\"","accept-ranges":"none","transfer-encoding":"chunked"}
[info] 
[info] === Deploying to 'socrathematics-cms'...
[info] 
[info] i  deploying hosting 
[debug] [2020-08-10T20:53:37.642Z] >>> HTTP REQUEST POST https://firebasehosting.googleapis.com/v1beta1/sites/socrathematics-cms/versions  
 {"config":{},"labels":{"deployment-tool":"cli-firebase"}}
[debug] [2020-08-10T20:53:38.382Z] <<< HTTP RESPONSE 200 {"content-type":"application/json; charset=UTF-8","vary":"X-Origin, Referer, Origin,Accept-Encoding","date":"Mon, 10 Aug 2020 20:53:38 GMT","server":"ESF","cache-control":"private","x-xss-protection":"0","x-frame-options":"SAMEORIGIN","x-content-type-options":"nosniff","alt-svc":"h3-29=\":443\"; ma=2592000,h3-27=\":443\"; ma=2592000,h3-T050=\":443\"; ma=2592000,h3-Q050=\":443\"; ma=2592000,h3-Q046=\":443\"; ma=2592000,h3-Q043=\":443\"; ma=2592000,quic=\":443\"; ma=2592000; v=\"46,43\"","accept-ranges":"none","transfer-encoding":"chunked"}
[info] i  hosting[socrathematics-cms]: beginning deploy... 
[info] i  hosting[socrathematics-cms]: found 1782 files in . 
[debug] [2020-08-10T20:53:38.731Z] >>> HTTP REQUEST POST https://firebasehosting.googleapis.com/v1beta1/sites/socrathematics-cms/versions/b4ee8e7d57c7a51d:populateFiles  
 <request body omitted>
[debug] [2020-08-10T20:53:38.784Z] [hosting] hash cache [] stored for 1782 files
[debug] [2020-08-10T20:53:38.784Z] [hosting][hash queue][FINAL] {"max":48,"min":0,"avg":1.6640211198374597,"active":0,"complete":1782,"success":1782,"errored":0,"retried":0,"total":1782,"elapsed":123}
[debug] [2020-08-10T20:53:38.784Z] >>> HTTP REQUEST POST https://firebasehosting.googleapis.com/v1beta1/sites/socrathematics-cms/versions/b4ee8e7d57c7a51d:populateFiles  
 <request body omitted>
[debug] [2020-08-10T20:53:39.813Z] <<< HTTP RESPONSE 200 {"content-type":"application/json; charset=UTF-8","vary":"X-Origin, Referer, Origin,Accept-Encoding","date":"Mon, 10 Aug 2020 20:53:39 GMT","server":"ESF","cache-control":"private","x-xss-protection":"0","x-frame-options":"SAMEORIGIN","x-content-type-options":"nosniff","alt-svc":"h3-29=\":443\"; ma=2592000,h3-27=\":443\"; ma=2592000,h3-T050=\":443\"; ma=2592000,h3-Q050=\":443\"; ma=2592000,h3-Q046=\":443\"; ma=2592000,h3-Q043=\":443\"; ma=2592000,quic=\":443\"; ma=2592000; v=\"46,43\"","accept-ranges":"none","transfer-encoding":"chunked"}
[debug] [2020-08-10T20:53:39.817Z] <<< HTTP RESPONSE 200 {"content-type":"application/json; charset=UTF-8","vary":"X-Origin, Referer, Origin,Accept-Encoding","date":"Mon, 10 Aug 2020 20:53:39 GMT","server":"ESF","cache-control":"private","x-xss-protection":"0","x-frame-options":"SAMEORIGIN","x-content-type-options":"nosniff","alt-svc":"h3-29=\":443\"; ma=2592000,h3-27=\":443\"; ma=2592000,h3-T050=\":443\"; ma=2592000,h3-Q050=\":443\"; ma=2592000,h3-Q046=\":443\"; ma=2592000,h3-Q043=\":443\"; ma=2592000,quic=\":443\"; ma=2592000; v=\"46,43\"","accept-ranges":"none","transfer-encoding":"chunked"}
[debug] [2020-08-10T20:53:39.818Z] [hosting][populate queue][FINAL] {"max":1088,"min":1034,"avg":1061,"active":0,"complete":2,"success":2,"errored":0,"retried":0,"total":2,"elapsed":1088}
[debug] [2020-08-10T20:53:39.818Z] [hosting] uploads queued: 1
[debug] [2020-08-10T20:53:41.043Z] [hosting][upload queue][FINAL] {"max":1229,"min":1229,"avg":1229,"active":0,"complete":1,"success":1,"errored":0,"retried":0,"total":1,"elapsed":1229}
[info] ✔  hosting[socrathematics-cms]: file upload complete 
[debug] [2020-08-10T20:53:41.044Z] [hosting] deploy completed after 2662ms
[debug] [2020-08-10T20:53:41.045Z] [
  {
    "config": {
      "public": ".",
      "ignore": [
        "firebase.json",
        "**/.*",
        "**/node_modules/**"
      ],
      "site": "socrathematics-cms"
    },
    "site": "socrathematics-cms",
    "version": "sites/socrathematics-cms/versions/b4ee8e7d57c7a51d"
  }
]
[info] i  hosting[socrathematics-cms]: finalizing version... 
[debug] [2020-08-10T20:53:41.046Z] >>> HTTP REQUEST PATCH https://firebasehosting.googleapis.com/v1beta1/sites/socrathematics-cms/versions/b4ee8e7d57c7a51d?updateMask=status  
 {"status":"FINALIZED"}
[debug] [2020-08-10T20:53:41.556Z] <<< HTTP RESPONSE 200 {"content-type":"application/json; charset=UTF-8","vary":"X-Origin, Referer, Origin,Accept-Encoding","date":"Mon, 10 Aug 2020 20:53:41 GMT","server":"ESF","cache-control":"private","x-xss-protection":"0","x-frame-options":"SAMEORIGIN","x-content-type-options":"nosniff","alt-svc":"h3-29=\":443\"; ma=2592000,h3-27=\":443\"; ma=2592000,h3-T050=\":443\"; ma=2592000,h3-Q050=\":443\"; ma=2592000,h3-Q046=\":443\"; ma=2592000,h3-Q043=\":443\"; ma=2592000,quic=\":443\"; ma=2592000; v=\"46,43\"","accept-ranges":"none","transfer-encoding":"chunked"}
[debug] [2020-08-10T20:53:41.557Z] [hosting] finalized version for socrathematics-cms: {"name":"sites/socrathematics-cms/versions/b4ee8e7d57c7a51d","status":"FINALIZED","config":{},"labels":{"deployment-tool":"cli-firebase"},"createTime":"2020-08-10T20:53:38.004558Z","createUser":{"email":"saumyasmathtutoring@gmail.com"},"finalizeTime":"2020-08-10T20:53:41.471952Z","finalizeUser":{"email":"saumyasmathtutoring@gmail.com"}}
[info] ✔  hosting[socrathematics-cms]: version finalized 
[info] i  hosting[socrathematics-cms]: releasing new version... 
[debug] [2020-08-10T20:53:41.557Z] >>> HTTP REQUEST POST https://firebasehosting.googleapis.com/v1beta1/sites/socrathematics-cms/releases?version_name=sites/socrathematics-cms/versions/b4ee8e7d57c7a51d  
 {"message":null}
